<?xml version="1.0" encoding="UTF-8"?>
<!-- Generated by org.testng.reporters.JUnitReportReporter -->
<testsuite hostname="DESKTOP-MQ97479" failures="0" tests="1" name="xyz.WorkingWithTestNg" time="0.021" errors="0" timestamp="2022-10-11T22:44:41 IST" skipped="0">
  <testcase classname="xyz.WorkingWithTestNg" name="login" time="0.021"/>
  <system-out/>
</testsuite> <!-- xyz.WorkingWithTestNg -->
